Arguments: 
  /usr/local/bin/node /usr/local/Cellar/yarn/1.21.1/libexec/bin/yarn.js install

PATH: 
  /usr/local/bin:/usr/bin:/bin:/usr/sbin:/sbin:/Library/Apple/usr/bin

Yarn version: 
  1.21.1

Node version: 
  12.13.1

Platform: 
  darwin x64

Trace: 
  Error: https://github.com/expo/react-native/archive/sdk-38.0.2.tar.gz: Request failed "500 Internal Server Error"
      at ResponseError.ExtendableBuiltin (/usr/local/Cellar/yarn/1.21.1/libexec/lib/cli.js:696:66)
      at new ResponseError (/usr/local/Cellar/yarn/1.21.1/libexec/lib/cli.js:802:124)
      at Request.<anonymous> (/usr/local/Cellar/yarn/1.21.1/libexec/lib/cli.js:67017:16)
      at Request.emit (events.js:210:5)
      at Request.module.exports.Request.onRequestResponse (/usr/local/Cellar/yarn/1.21.1/libexec/lib/cli.js:141542:10)
      at ClientRequest.emit (events.js:210:5)
      at HTTPParser.parserOnIncomingClient [as onIncoming] (_http_client.js:583:27)
      at HTTPParser.parserOnHeadersComplete (_http_common.js:115:17)
      at TLSSocket.socketOnData (_http_client.js:456:22)
      at TLSSocket.emit (events.js:210:5)

npm manifest: 
  {
    "main": "node_modules/expo/AppEntry.js",
    "scripts": {
      "start": "expo start",
      "android": "expo start --android",
      "ios": "expo start --ios",
      "web": "expo start --web",
      "eject": "expo eject"
    },
    "dependencies": {
      "expo": "~38.0.8",
      "expo-status-bar": "^1.0.2",
      "react": "~16.11.0",
      "react-dom": "~16.11.0",
      "react-native": "https://github.com/expo/react-native/archive/sdk-38.0.2.tar.gz",
      "react-native-web": "~0.11.7"
    },
    "devDependencies": {
      "@babel/core": "^7.8.6",
      "babel-preset-expo": "~8.1.0"
    },
    "private": true
  }

yarn manifest: 
  No manifest

Lockfile: 
  No lockfile
